<?xml version="1.0" encoding="UTF-8"?>
<!-- Generated by org.testng.reporters.JUnitReportReporter -->
<testsuite skipped="0" hostname="AmazonRR" name="com.crm.qa.TestRunner.TestRunnerFile" tests="1" failures="0" timestamp="2021-05-23T17:06:21 IST" time="46.684" errors="0">
  <testcase name="feature" time="46.684" classname="com.crm.qa.TestRunner.TestRunnerFile"/>
  <system-out/>
</testsuite> <!-- com.crm.qa.TestRunner.TestRunnerFile -->
