<?xml version="1.0" encoding="UTF-8"?>
<!-- Generated by org.testng.reporters.JUnitReportReporter -->
<testsuite skipped="0" hostname="AmazonRR" name="com.crm.qa.TestRunner.TestRunnerFile" tests="1" failures="0" timestamp="2021-06-06T13:59:24 IST" time="43.081" errors="0">
  <testcase name="feature" time="43.081" classname="com.crm.qa.TestRunner.TestRunnerFile"/>
  <system-out/>
</testsuite> <!-- com.crm.qa.TestRunner.TestRunnerFile -->
